mode: atomic
github.com/mauroartizzu/sugoku/internal/solvers/backtracking_solver.go:7.37,9.25 1 0
github.com/mauroartizzu/sugoku/internal/solvers/backtracking_solver.go:29.2,29.13 1 0
github.com/mauroartizzu/sugoku/internal/solvers/backtracking_solver.go:9.25,10.26 1 0
github.com/mauroartizzu/sugoku/internal/solvers/backtracking_solver.go:10.26,12.24 1 0
github.com/mauroartizzu/sugoku/internal/solvers/backtracking_solver.go:12.24,14.29 1 0
github.com/mauroartizzu/sugoku/internal/solvers/backtracking_solver.go:25.5,25.17 1 0
github.com/mauroartizzu/sugoku/internal/solvers/backtracking_solver.go:14.29,15.35 1 0
github.com/mauroartizzu/sugoku/internal/solvers/backtracking_solver.go:15.35,18.23 2 0
github.com/mauroartizzu/sugoku/internal/solvers/backtracking_solver.go:22.7,22.21 1 0
github.com/mauroartizzu/sugoku/internal/solvers/backtracking_solver.go:18.23,20.8 1 0
github.com/mauroartizzu/sugoku/internal/solvers/backtracking_solver.go:31.61,36.2 2 0
github.com/mauroartizzu/sugoku/internal/solvers/simple_solver.go:5.55,9.25 1 0
github.com/mauroartizzu/sugoku/internal/solvers/simple_solver.go:25.2,25.15 1 0
github.com/mauroartizzu/sugoku/internal/solvers/simple_solver.go:9.25,10.26 1 0
github.com/mauroartizzu/sugoku/internal/solvers/simple_solver.go:10.26,11.24 1 0
github.com/mauroartizzu/sugoku/internal/solvers/simple_solver.go:11.24,13.29 2 0
github.com/mauroartizzu/sugoku/internal/solvers/simple_solver.go:18.5,18.32 1 0
github.com/mauroartizzu/sugoku/internal/solvers/simple_solver.go:13.29,14.35 1 0
github.com/mauroartizzu/sugoku/internal/solvers/simple_solver.go:14.35,16.7 1 0
github.com/mauroartizzu/sugoku/internal/solvers/simple_solver.go:18.32,20.16 2 0
github.com/mauroartizzu/sugoku/main.go:12.43,14.16 2 0
github.com/mauroartizzu/sugoku/main.go:19.2,25.18 4 0
github.com/mauroartizzu/sugoku/main.go:34.2,38.10 3 0
github.com/mauroartizzu/sugoku/main.go:14.16,16.13 2 0
github.com/mauroartizzu/sugoku/main.go:25.18,27.33 2 0
github.com/mauroartizzu/sugoku/main.go:31.3,31.31 1 0
github.com/mauroartizzu/sugoku/main.go:27.33,30.4 2 0
github.com/mauroartizzu/sugoku/main.go:41.13,43.22 1 0
github.com/mauroartizzu/sugoku/main.go:48.2,49.16 2 0
github.com/mauroartizzu/sugoku/main.go:54.2,57.16 3 0
github.com/mauroartizzu/sugoku/main.go:62.2,64.16 3 0
github.com/mauroartizzu/sugoku/main.go:68.2,69.11 2 0
github.com/mauroartizzu/sugoku/main.go:43.22,46.3 2 0
github.com/mauroartizzu/sugoku/main.go:49.16,51.13 2 0
github.com/mauroartizzu/sugoku/main.go:57.16,58.13 1 0
github.com/mauroartizzu/sugoku/main.go:64.16,65.13 1 0
github.com/mauroartizzu/sugoku/internal/board/board.go:13.46,16.25 2 10
github.com/mauroartizzu/sugoku/internal/board/board.go:16.25,18.29 2 90
github.com/mauroartizzu/sugoku/internal/board/board.go:18.29,19.27 1 72
github.com/mauroartizzu/sugoku/internal/board/board.go:19.27,21.5 1 648
github.com/mauroartizzu/sugoku/internal/board/board.go:28.25,29.25 1 0
github.com/mauroartizzu/sugoku/internal/board/board.go:29.25,30.26 1 0
github.com/mauroartizzu/sugoku/internal/board/board.go:36.3,37.19 2 0
github.com/mauroartizzu/sugoku/internal/board/board.go:30.26,32.20 2 0
github.com/mauroartizzu/sugoku/internal/board/board.go:32.20,34.5 1 0
github.com/mauroartizzu/sugoku/internal/board/board.go:37.19,39.4 1 0
github.com/mauroartizzu/sugoku/internal/board/board.go:44.50,46.2 1 1
github.com/mauroartizzu/sugoku/internal/board/board.go:49.43,51.2 1 129
github.com/mauroartizzu/sugoku/internal/board/board.go:54.40,56.25 2 12
github.com/mauroartizzu/sugoku/internal/board/board.go:59.2,59.18 1 12
github.com/mauroartizzu/sugoku/internal/board/board.go:56.25,58.3 1 108
github.com/mauroartizzu/sugoku/internal/board/board.go:63.40,65.25 2 12
github.com/mauroartizzu/sugoku/internal/board/board.go:68.2,68.18 1 12
github.com/mauroartizzu/sugoku/internal/board/board.go:65.25,67.3 1 108
github.com/mauroartizzu/sugoku/internal/board/board.go:72.54,74.25 2 12
github.com/mauroartizzu/sugoku/internal/board/board.go:79.2,79.18 1 12
github.com/mauroartizzu/sugoku/internal/board/board.go:74.25,75.26 1 36
github.com/mauroartizzu/sugoku/internal/board/board.go:75.26,77.4 1 108
github.com/mauroartizzu/sugoku/internal/board/board.go:82.62,83.36 1 2
github.com/mauroartizzu/sugoku/internal/board/board.go:86.2,86.14 1 1
github.com/mauroartizzu/sugoku/internal/board/board.go:83.36,85.3 1 1
github.com/mauroartizzu/sugoku/internal/board/board.go:89.72,94.25 3 7
github.com/mauroartizzu/sugoku/internal/board/board.go:106.2,106.13 1 1
github.com/mauroartizzu/sugoku/internal/board/board.go:94.25,95.30 1 43
github.com/mauroartizzu/sugoku/internal/board/board.go:98.3,98.30 1 42
github.com/mauroartizzu/sugoku/internal/board/board.go:101.3,101.59 1 41
github.com/mauroartizzu/sugoku/internal/board/board.go:95.30,97.4 1 1
github.com/mauroartizzu/sugoku/internal/board/board.go:98.30,100.4 1 1
github.com/mauroartizzu/sugoku/internal/board/board.go:101.59,103.4 1 4
github.com/mauroartizzu/sugoku/internal/board/board.go:109.31,110.25 1 1
github.com/mauroartizzu/sugoku/internal/board/board.go:124.2,124.13 1 1
github.com/mauroartizzu/sugoku/internal/board/board.go:110.25,111.21 1 9
github.com/mauroartizzu/sugoku/internal/board/board.go:114.3,114.21 1 9
github.com/mauroartizzu/sugoku/internal/board/board.go:120.3,120.63 1 9
github.com/mauroartizzu/sugoku/internal/board/board.go:111.21,113.4 1 0
github.com/mauroartizzu/sugoku/internal/board/board.go:114.21,116.4 1 0
github.com/mauroartizzu/sugoku/internal/board/board.go:120.63,122.4 1 0
github.com/mauroartizzu/sugoku/internal/solvers/backtracking_solver.go:7.37,9.25 1 0
github.com/mauroartizzu/sugoku/internal/solvers/backtracking_solver.go:29.2,29.13 1 0
github.com/mauroartizzu/sugoku/internal/solvers/backtracking_solver.go:9.25,10.26 1 0
github.com/mauroartizzu/sugoku/internal/solvers/backtracking_solver.go:10.26,12.24 1 0
github.com/mauroartizzu/sugoku/internal/solvers/backtracking_solver.go:12.24,14.29 1 0
github.com/mauroartizzu/sugoku/internal/solvers/backtracking_solver.go:25.5,25.17 1 0
github.com/mauroartizzu/sugoku/internal/solvers/backtracking_solver.go:14.29,15.35 1 0
github.com/mauroartizzu/sugoku/internal/solvers/backtracking_solver.go:15.35,18.23 2 0
github.com/mauroartizzu/sugoku/internal/solvers/backtracking_solver.go:22.7,22.21 1 0
github.com/mauroartizzu/sugoku/internal/solvers/backtracking_solver.go:18.23,20.8 1 0
github.com/mauroartizzu/sugoku/internal/solvers/backtracking_solver.go:31.61,36.2 2 0
github.com/mauroartizzu/sugoku/internal/solvers/simple_solver.go:5.55,9.25 1 0
github.com/mauroartizzu/sugoku/internal/solvers/simple_solver.go:25.2,25.15 1 0
github.com/mauroartizzu/sugoku/internal/solvers/simple_solver.go:9.25,10.26 1 0
github.com/mauroartizzu/sugoku/internal/solvers/simple_solver.go:10.26,11.24 1 0
github.com/mauroartizzu/sugoku/internal/solvers/simple_solver.go:11.24,13.29 2 0
github.com/mauroartizzu/sugoku/internal/solvers/simple_solver.go:18.5,18.32 1 0
github.com/mauroartizzu/sugoku/internal/solvers/simple_solver.go:13.29,14.35 1 0
github.com/mauroartizzu/sugoku/internal/solvers/simple_solver.go:14.35,16.7 1 0
github.com/mauroartizzu/sugoku/internal/solvers/simple_solver.go:18.32,20.16 2 0
github.com/mauroartizzu/sugoku/main.go:12.43,14.16 2 0
github.com/mauroartizzu/sugoku/main.go:19.2,25.18 4 0
github.com/mauroartizzu/sugoku/main.go:34.2,38.10 3 0
github.com/mauroartizzu/sugoku/main.go:14.16,16.13 2 0
github.com/mauroartizzu/sugoku/main.go:25.18,27.33 2 0
github.com/mauroartizzu/sugoku/main.go:31.3,31.31 1 0
github.com/mauroartizzu/sugoku/main.go:27.33,30.4 2 0
github.com/mauroartizzu/sugoku/main.go:41.13,43.22 1 0
github.com/mauroartizzu/sugoku/main.go:48.2,49.16 2 0
github.com/mauroartizzu/sugoku/main.go:54.2,57.16 3 0
github.com/mauroartizzu/sugoku/main.go:62.2,64.16 3 0
github.com/mauroartizzu/sugoku/main.go:68.2,69.11 2 0
github.com/mauroartizzu/sugoku/main.go:43.22,46.3 2 0
github.com/mauroartizzu/sugoku/main.go:49.16,51.13 2 0
github.com/mauroartizzu/sugoku/main.go:57.16,58.13 1 0
github.com/mauroartizzu/sugoku/main.go:64.16,65.13 1 0
github.com/mauroartizzu/sugoku/internal/board/board.go:13.46,16.25 2 0
github.com/mauroartizzu/sugoku/internal/board/board.go:16.25,18.29 2 0
github.com/mauroartizzu/sugoku/internal/board/board.go:18.29,19.27 1 0
github.com/mauroartizzu/sugoku/internal/board/board.go:19.27,21.5 1 0
github.com/mauroartizzu/sugoku/internal/board/board.go:28.25,29.25 1 0
github.com/mauroartizzu/sugoku/internal/board/board.go:29.25,30.26 1 0
github.com/mauroartizzu/sugoku/internal/board/board.go:36.3,37.19 2 0
github.com/mauroartizzu/sugoku/internal/board/board.go:30.26,32.20 2 0
github.com/mauroartizzu/sugoku/internal/board/board.go:32.20,34.5 1 0
github.com/mauroartizzu/sugoku/internal/board/board.go:37.19,39.4 1 0
github.com/mauroartizzu/sugoku/internal/board/board.go:44.50,46.2 1 0
github.com/mauroartizzu/sugoku/internal/board/board.go:49.43,51.2 1 0
github.com/mauroartizzu/sugoku/internal/board/board.go:54.40,56.25 2 0
github.com/mauroartizzu/sugoku/internal/board/board.go:59.2,59.18 1 0
github.com/mauroartizzu/sugoku/internal/board/board.go:56.25,58.3 1 0
github.com/mauroartizzu/sugoku/internal/board/board.go:63.40,65.25 2 0
github.com/mauroartizzu/sugoku/internal/board/board.go:68.2,68.18 1 0
github.com/mauroartizzu/sugoku/internal/board/board.go:65.25,67.3 1 0
github.com/mauroartizzu/sugoku/internal/board/board.go:72.54,74.25 2 0
github.com/mauroartizzu/sugoku/internal/board/board.go:79.2,79.18 1 0
github.com/mauroartizzu/sugoku/internal/board/board.go:74.25,75.26 1 0
github.com/mauroartizzu/sugoku/internal/board/board.go:75.26,77.4 1 0
github.com/mauroartizzu/sugoku/internal/board/board.go:82.62,83.36 1 0
github.com/mauroartizzu/sugoku/internal/board/board.go:86.2,86.14 1 0
github.com/mauroartizzu/sugoku/internal/board/board.go:83.36,85.3 1 0
github.com/mauroartizzu/sugoku/internal/board/board.go:89.72,94.25 3 0
github.com/mauroartizzu/sugoku/internal/board/board.go:106.2,106.13 1 0
github.com/mauroartizzu/sugoku/internal/board/board.go:94.25,95.30 1 0
github.com/mauroartizzu/sugoku/internal/board/board.go:98.3,98.30 1 0
github.com/mauroartizzu/sugoku/internal/board/board.go:101.3,101.59 1 0
github.com/mauroartizzu/sugoku/internal/board/board.go:95.30,97.4 1 0
github.com/mauroartizzu/sugoku/internal/board/board.go:98.30,100.4 1 0
github.com/mauroartizzu/sugoku/internal/board/board.go:101.59,103.4 1 0
github.com/mauroartizzu/sugoku/internal/board/board.go:109.31,110.25 1 0
github.com/mauroartizzu/sugoku/internal/board/board.go:124.2,124.13 1 0
github.com/mauroartizzu/sugoku/internal/board/board.go:110.25,111.21 1 0
github.com/mauroartizzu/sugoku/internal/board/board.go:114.3,114.21 1 0
github.com/mauroartizzu/sugoku/internal/board/board.go:120.3,120.63 1 0
github.com/mauroartizzu/sugoku/internal/board/board.go:111.21,113.4 1 0
github.com/mauroartizzu/sugoku/internal/board/board.go:114.21,116.4 1 0
github.com/mauroartizzu/sugoku/internal/board/board.go:120.63,122.4 1 0
github.com/mauroartizzu/sugoku/main.go:12.43,14.16 2 0
github.com/mauroartizzu/sugoku/main.go:19.2,25.18 4 0
github.com/mauroartizzu/sugoku/main.go:34.2,38.10 3 0
github.com/mauroartizzu/sugoku/main.go:14.16,16.13 2 0
github.com/mauroartizzu/sugoku/main.go:25.18,27.33 2 0
github.com/mauroartizzu/sugoku/main.go:31.3,31.31 1 0
github.com/mauroartizzu/sugoku/main.go:27.33,30.4 2 0
github.com/mauroartizzu/sugoku/main.go:41.13,43.22 1 0
github.com/mauroartizzu/sugoku/main.go:48.2,49.16 2 0
github.com/mauroartizzu/sugoku/main.go:54.2,57.16 3 0
github.com/mauroartizzu/sugoku/main.go:62.2,64.16 3 0
github.com/mauroartizzu/sugoku/main.go:68.2,69.11 2 0
github.com/mauroartizzu/sugoku/main.go:43.22,46.3 2 0
github.com/mauroartizzu/sugoku/main.go:49.16,51.13 2 0
github.com/mauroartizzu/sugoku/main.go:57.16,58.13 1 0
github.com/mauroartizzu/sugoku/main.go:64.16,65.13 1 0
github.com/mauroartizzu/sugoku/internal/solvers/backtracking_solver.go:7.37,9.25 1 22903
github.com/mauroartizzu/sugoku/internal/solvers/backtracking_solver.go:29.2,29.13 1 1
github.com/mauroartizzu/sugoku/internal/solvers/backtracking_solver.go:9.25,10.26 1 97980
github.com/mauroartizzu/sugoku/internal/solvers/backtracking_solver.go:10.26,12.24 1 806767
github.com/mauroartizzu/sugoku/internal/solvers/backtracking_solver.go:12.24,14.29 1 22902
github.com/mauroartizzu/sugoku/internal/solvers/backtracking_solver.go:25.5,25.17 1 22847
github.com/mauroartizzu/sugoku/internal/solvers/backtracking_solver.go:14.29,15.35 1 205902
github.com/mauroartizzu/sugoku/internal/solvers/backtracking_solver.go:15.35,18.23 2 22902
github.com/mauroartizzu/sugoku/internal/solvers/backtracking_solver.go:22.7,22.21 1 22847
github.com/mauroartizzu/sugoku/internal/solvers/backtracking_solver.go:18.23,20.8 1 55
github.com/mauroartizzu/sugoku/internal/solvers/backtracking_solver.go:31.61,36.2 2 1
github.com/mauroartizzu/sugoku/internal/solvers/simple_solver.go:5.55,9.25 1 1
github.com/mauroartizzu/sugoku/internal/solvers/simple_solver.go:25.2,25.15 1 1
github.com/mauroartizzu/sugoku/internal/solvers/simple_solver.go:9.25,10.26 1 54
github.com/mauroartizzu/sugoku/internal/solvers/simple_solver.go:10.26,11.24 1 450
github.com/mauroartizzu/sugoku/internal/solvers/simple_solver.go:11.24,13.29 2 9
github.com/mauroartizzu/sugoku/internal/solvers/simple_solver.go:18.5,18.32 1 9
github.com/mauroartizzu/sugoku/internal/solvers/simple_solver.go:13.29,14.35 1 81
github.com/mauroartizzu/sugoku/internal/solvers/simple_solver.go:14.35,16.7 1 9
github.com/mauroartizzu/sugoku/internal/solvers/simple_solver.go:18.32,20.16 2 9
github.com/mauroartizzu/sugoku/internal/board/board.go:13.46,16.25 2 2
github.com/mauroartizzu/sugoku/internal/board/board.go:16.25,18.29 2 18
github.com/mauroartizzu/sugoku/internal/board/board.go:18.29,19.27 1 18
github.com/mauroartizzu/sugoku/internal/board/board.go:19.27,21.5 1 162
github.com/mauroartizzu/sugoku/internal/board/board.go:28.25,29.25 1 0
github.com/mauroartizzu/sugoku/internal/board/board.go:29.25,30.26 1 0
github.com/mauroartizzu/sugoku/internal/board/board.go:36.3,37.19 2 0
github.com/mauroartizzu/sugoku/internal/board/board.go:30.26,32.20 2 0
github.com/mauroartizzu/sugoku/internal/board/board.go:32.20,34.5 1 0
github.com/mauroartizzu/sugoku/internal/board/board.go:37.19,39.4 1 0
github.com/mauroartizzu/sugoku/internal/board/board.go:44.50,46.2 1 45758
github.com/mauroartizzu/sugoku/internal/board/board.go:49.43,51.2 1 2896365
github.com/mauroartizzu/sugoku/internal/board/board.go:54.40,56.25 2 18
github.com/mauroartizzu/sugoku/internal/board/board.go:59.2,59.18 1 18
github.com/mauroartizzu/sugoku/internal/board/board.go:56.25,58.3 1 162
github.com/mauroartizzu/sugoku/internal/board/board.go:63.40,65.25 2 18
github.com/mauroartizzu/sugoku/internal/board/board.go:68.2,68.18 1 18
github.com/mauroartizzu/sugoku/internal/board/board.go:65.25,67.3 1 162
github.com/mauroartizzu/sugoku/internal/board/board.go:72.54,74.25 2 18
github.com/mauroartizzu/sugoku/internal/board/board.go:79.2,79.18 1 18
github.com/mauroartizzu/sugoku/internal/board/board.go:74.25,75.26 1 54
github.com/mauroartizzu/sugoku/internal/board/board.go:75.26,77.4 1 162
github.com/mauroartizzu/sugoku/internal/board/board.go:82.62,83.36 1 0
github.com/mauroartizzu/sugoku/internal/board/board.go:86.2,86.14 1 0
github.com/mauroartizzu/sugoku/internal/board/board.go:83.36,85.3 1 0
github.com/mauroartizzu/sugoku/internal/board/board.go:89.72,94.25 3 205983
github.com/mauroartizzu/sugoku/internal/board/board.go:106.2,106.13 1 22911
github.com/mauroartizzu/sugoku/internal/board/board.go:94.25,95.30 1 772164
github.com/mauroartizzu/sugoku/internal/board/board.go:98.3,98.30 1 691908
github.com/mauroartizzu/sugoku/internal/board/board.go:101.3,101.59 1 625076
github.com/mauroartizzu/sugoku/internal/board/board.go:95.30,97.4 1 80256
github.com/mauroartizzu/sugoku/internal/board/board.go:98.30,100.4 1 66832
github.com/mauroartizzu/sugoku/internal/board/board.go:101.59,103.4 1 35984
github.com/mauroartizzu/sugoku/internal/board/board.go:109.31,110.25 1 2
github.com/mauroartizzu/sugoku/internal/board/board.go:124.2,124.13 1 2
github.com/mauroartizzu/sugoku/internal/board/board.go:110.25,111.21 1 18
github.com/mauroartizzu/sugoku/internal/board/board.go:114.3,114.21 1 18
github.com/mauroartizzu/sugoku/internal/board/board.go:120.3,120.63 1 18
github.com/mauroartizzu/sugoku/internal/board/board.go:111.21,113.4 1 0
github.com/mauroartizzu/sugoku/internal/board/board.go:114.21,116.4 1 0
github.com/mauroartizzu/sugoku/internal/board/board.go:120.63,122.4 1 0
